2024-02-03 19:31:13,323 INFO autoreload Watching for file changes with StatReloader
2024-02-03 19:31:14,133 WARNING log Forbidden (CSRF token missing.): /news/create/
2024-02-03 19:31:14,135 WARNING basehttp "POST /news/create/ HTTP/1.1" 403 2505
2024-02-03 19:31:17,744 INFO basehttp "GET /news/create/ HTTP/1.1" 200 2321
2024-02-03 19:34:50,913 INFO autoreload /home/nikita/PycharmProjects/NewsPaper/NewsPaper/NewsPaper/settings.py changed, reloading.
2024-02-03 19:34:54,644 WARNING log Forbidden (CSRF token missing.): /news/create/
2024-02-03 19:34:54,644 WARNING basehttp "POST /news/create/ HTTP/1.1" 403 2505
2024-02-03 19:41:08,518 INFO autoreload Watching for file changes with StatReloader
2024-02-03 19:42:49,455 INFO autoreload /home/nikita/PycharmProjects/NewsPaper/NewsPaper/NewsPaper/settings.py changed, reloading.
2024-02-03 19:42:50,008 INFO autoreload Watching for file changes with StatReloader
2024-02-03 19:43:52,529 INFO autoreload /home/nikita/PycharmProjects/NewsPaper/NewsPaper/NewsPaper/settings.py changed, reloading.
2024-02-03 19:43:53,063 INFO autoreload Watching for file changes with StatReloader
2024-02-03 19:44:55,707 INFO autoreload /home/nikita/PycharmProjects/NewsPaper/NewsPaper/NewsPaper/settings.py changed, reloading.
2024-02-03 19:44:56,261 INFO autoreload Watching for file changes with StatReloader
2024-02-03 19:45:16,354 INFO autoreload /home/nikita/PycharmProjects/NewsPaper/NewsPaper/NewsPaper/settings.py changed, reloading.
2024-02-03 19:45:16,902 INFO autoreload Watching for file changes with StatReloader
2024-02-03 19:46:58,752 INFO autoreload /home/nikita/PycharmProjects/NewsPaper/NewsPaper/NewsPaper/settings.py changed, reloading.
2024-02-03 19:46:59,288 INFO autoreload Watching for file changes with StatReloader
2024-02-03 19:47:32,716 INFO autoreload /home/nikita/PycharmProjects/NewsPaper/NewsPaper/NewsPaper/settings.py changed, reloading.
2024-02-03 19:47:33,266 INFO autoreload Watching for file changes with StatReloader
2024-02-03 19:48:39,834 INFO autoreload /home/nikita/PycharmProjects/NewsPaper/NewsPaper/NewsPaper/settings.py changed, reloading.
